# JRE version: OpenJDK Runtime Environment Temurin-21.0.8+9 (21.0.8+9) (build 21.0.8+9-LTS)
# Java VM: OpenJDK 64-Bit Server VM Temurin-21.0.8+9 (21.0.8+9-LTS, mixed mode, sharing, tiered, compressed oops, compressed class ptrs, parallel gc, windows-amd64)
GC Precious Log:
 CardTable entry size: 512
 CPUs: 8 total, 8 available
 Memory: 3460M
 Large Page Support: Disabled
 NUMA Support: Disabled
 Compressed Oops: Enabled (32-bit)
 Alignments: Space 512K, Generation 512K, Heap 2M
 Heap Min Capacity: 100M
 Heap Initial Capacity: 100M
 Heap Max Capacity: 2G
 Pre-touch: Disabled
 Parallel Workers: 8
Heap:
 PSYoungGen      total 14336K, used 13946K [0x00000000d5580000, 0x00000000d6780000, 0x0000000100000000)
  eden space 12288K, 100% used [0x00000000d5580000,0x00000000d6180000,0x00000000d6180000)
  from space 2048K, 80% used [0x00000000d6300000,0x00000000d649e900,0x00000000d6500000)
  to   space 2048K, 0% used [0x00000000d6580000,0x00000000d6580000,0x00000000d6780000)
 ParOldGen       total 1166336K, used 1166189K [0x0000000080000000, 0x00000000c7300000, 0x00000000d5580000)
  object space 1166336K, 99% used [0x0000000080000000,0x00000000c72db5f8,0x00000000c7300000)
 Metaspace       used 96316K, committed 98048K, reserved 1179648K
  class space    used 9565K, committed 10368K, reserved 1048576K
GC Heap History (20 events):
Event: 51180.243 GC heap before
{Heap before GC invocations=4819 (full 6):
 PSYoungGen      total 10752K, used 10726K [0x00000000d5580000, 0x00000000d6400000, 0x0000000100000000)
  eden space 9728K, 100% used [0x00000000d5580000,0x00000000d5f00000,0x00000000d5f00000)
  from space 1024K, 97% used [0x00000000d5f00000,0x00000000d5ff9898,0x00000000d6000000)
  to   space 2560K, 0% used [0x00000000d6180000,0x00000000d6180000,0x00000000d6400000)
 ParOldGen       total 1157120K, used 1157081K [0x0000000080000000, 0x00000000c6a00000, 0x00000000d5580000)
  object space 1157120K, 99% used [0x0000000080000000,0x00000000c69f64a0,0x00000000c6a00000)
 Metaspace       used 96302K, committed 98048K, reserved 1179648K
  class space    used 9565K, committed 10368K, reserved 1048576K
}
Event: 51180.251 GC heap after
{Heap after GC invocations=4819 (full 6):
 PSYoungGen      total 10752K, used 739K [0x00000000d5580000, 0x00000000d6280000, 0x0000000100000000)
  eden space 9728K, 0% used [0x00000000d5580000,0x00000000d5580000,0x00000000d5f00000)
  from space 1024K, 72% used [0x00000000d6180000,0x00000000d6238df8,0x00000000d6280000)
  to   space 1536K, 0% used [0x00000000d5f80000,0x00000000d5f80000,0x00000000d6100000)
 ParOldGen       total 1158656K, used 1158565K [0x0000000080000000, 0x00000000c6b80000, 0x00000000d5580000)
  object space 1158656K, 99% used [0x0000000080000000,0x00000000c6b695d0,0x00000000c6b80000)
 Metaspace       used 96302K, committed 98048K, reserved 1179648K
  class space    used 9565K, committed 10368K, reserved 1048576K
}
Event: 51180.275 GC heap before
{Heap before GC invocations=4820 (full 6):
 PSYoungGen      total 10752K, used 9765K [0x00000000d5580000, 0x00000000d6280000, 0x0000000100000000)
  eden space 9728K, 92% used [0x00000000d5580000,0x00000000d5e509b0,0x00000000d5f00000)
  from space 1024K, 72% used [0x00000000d6180000,0x00000000d6238df8,0x00000000d6280000)
  to   space 1536K, 0% used [0x00000000d5f80000,0x00000000d5f80000,0x00000000d6100000)
 ParOldGen       total 1158656K, used 1158565K [0x0000000080000000, 0x00000000c6b80000, 0x00000000d5580000)
  object space 1158656K, 99% used [0x0000000080000000,0x00000000c6b695d0,0x00000000c6b80000)
 Metaspace       used 96302K, committed 98048K, reserved 1179648K
  class space    used 9565K, committed 10368K, reserved 1048576K
}
Event: 51180.282 GC heap after
{Heap after GC invocations=4820 (full 6):
 PSYoungGen      total 11264K, used 233K [0x00000000d5580000, 0x00000000d6200000, 0x0000000100000000)
  eden space 9728K, 0% used [0x00000000d5580000,0x00000000d5580000,0x00000000d5f00000)
  from space 1536K, 15% used [0x00000000d5f80000,0x00000000d5fba400,0x00000000d6100000)
  to   space 512K, 0% used [0x00000000d6180000,0x00000000d6180000,0x00000000d6200000)
 ParOldGen       total 1159168K, used 1158814K [0x0000000080000000, 0x00000000c6c00000, 0x00000000d5580000)
  object space 1159168K, 99% used [0x0000000080000000,0x00000000c6ba7920,0x00000000c6c00000)
 Metaspace       used 96302K, committed 98048K, reserved 1179648K
  class space    used 9565K, committed 10368K, reserved 1048576K
}
Event: 51180.320 GC heap before
{Heap before GC invocations=4821 (full 6):
 PSYoungGen      total 11264K, used 9961K [0x00000000d5580000, 0x00000000d6200000, 0x0000000100000000)
  eden space 9728K, 100% used [0x00000000d5580000,0x00000000d5f00000,0x00000000d5f00000)
  from space 1536K, 15% used [0x00000000d5f80000,0x00000000d5fba400,0x00000000d6100000)
  to   space 512K, 0% used [0x00000000d6180000,0x00000000d6180000,0x00000000d6200000)
 ParOldGen       total 1159168K, used 1158814K [0x0000000080000000, 0x00000000c6c00000, 0x00000000d5580000)
  object space 1159168K, 99% used [0x0000000080000000,0x00000000c6ba7920,0x00000000c6c00000)
 Metaspace       used 96302K, committed 98048K, reserved 1179648K
  class space    used 9565K, committed 10368K, reserved 1048576K
}
Event: 51180.327 GC heap after
{Heap after GC invocations=4821 (full 6):
 PSYoungGen      total 10240K, used 490K [0x00000000d5580000, 0x00000000d6200000, 0x0000000100000000)
  eden space 9728K, 0% used [0x00000000d5580000,0x00000000d5580000,0x00000000d5f00000)
  from space 512K, 95% used [0x00000000d6180000,0x00000000d61fa800,0x00000000d6200000)
  to   space 1024K, 0% used [0x00000000d6000000,0x00000000d6000000,0x00000000d6100000)
 ParOldGen       total 1159168K, used 1158900K [0x0000000080000000, 0x00000000c6c00000, 0x00000000d5580000)
  object space 1159168K, 99% used [0x0000000080000000,0x00000000c6bbd340,0x00000000c6c00000)
 Metaspace       used 96302K, committed 98048K, reserved 1179648K
  class space    used 9565K, committed 10368K, reserved 1048576K
}
Event: 51180.368 GC heap before
{Heap before GC invocations=4822 (full 6):
 PSYoungGen      total 10240K, used 9632K [0x00000000d5580000, 0x00000000d6200000, 0x0000000100000000)
  eden space 9728K, 93% used [0x00000000d5580000,0x00000000d5e6dbf0,0x00000000d5f00000)
  from space 512K, 95% used [0x00000000d6180000,0x00000000d61fa800,0x00000000d6200000)
  to   space 1024K, 0% used [0x00000000d6000000,0x00000000d6000000,0x00000000d6100000)
 ParOldGen       total 1159168K, used 1158900K [0x0000000080000000, 0x00000000c6c00000, 0x00000000d5580000)
  object space 1159168K, 99% used [0x0000000080000000,0x00000000c6bbd340,0x00000000c6c00000)
 Metaspace       used 96302K, committed 98048K, reserved 1179648K
  class space    used 9565K, committed 10368K, reserved 1048576K
}
Event: 51180.373 GC heap after
{Heap after GC invocations=4822 (full 6):
 PSYoungGen      total 10752K, used 402K [0x00000000d5580000, 0x00000000d6200000, 0x0000000100000000)
  eden space 9728K, 0% used [0x00000000d5580000,0x00000000d5580000,0x00000000d5f00000)
  from space 1024K, 39% used [0x00000000d6000000,0x00000000d6064b90,0x00000000d6100000)
  to   space 512K, 0% used [0x00000000d6180000,0x00000000d6180000,0x00000000d6200000)
 ParOldGen       total 1159168K, used 1159015K [0x0000000080000000, 0x00000000c6c00000, 0x00000000d5580000)
  object space 1159168K, 99% used [0x0000000080000000,0x00000000c6bd9d40,0x00000000c6c00000)
 Metaspace       used 96302K, committed 98048K, reserved 1179648K
  class space    used 9565K, committed 10368K, reserved 1048576K
}
Event: 51180.407 GC heap before
{Heap before GC invocations=4823 (full 6):
 PSYoungGen      total 10752K, used 10130K [0x00000000d5580000, 0x00000000d6200000, 0x0000000100000000)
  eden space 9728K, 100% used [0x00000000d5580000,0x00000000d5f00000,0x00000000d5f00000)
  from space 1024K, 39% used [0x00000000d6000000,0x00000000d6064b90,0x00000000d6100000)
  to   space 512K, 0% used [0x00000000d6180000,0x00000000d6180000,0x00000000d6200000)
 ParOldGen       total 1159168K, used 1159015K [0x0000000080000000, 0x00000000c6c00000, 0x00000000d5580000)
  object space 1159168K, 99% used [0x0000000080000000,0x00000000c6bd9d40,0x00000000c6c00000)
 Metaspace       used 96302K, committed 98048K, reserved 1179648K
  class space    used 9565K, committed 10368K, reserved 1048576K
}
Event: 51180.414 GC heap after
{Heap after GC invocations=4823 (full 6):
 PSYoungGen      total 10240K, used 276K [0x00000000d5580000, 0x00000000d6200000, 0x0000000100000000)
  eden space 9728K, 0% used [0x00000000d5580000,0x00000000d5580000,0x00000000d5f00000)
  from space 512K, 53% used [0x00000000d6180000,0x00000000d61c5088,0x00000000d6200000)
  to   space 512K, 0% used [0x00000000d6100000,0x00000000d6100000,0x00000000d6180000)
 ParOldGen       total 1159168K, used 1159087K [0x0000000080000000, 0x00000000c6c00000, 0x00000000d5580000)
  object space 1159168K, 99% used [0x0000000080000000,0x00000000c6bebd40,0x00000000c6c00000)
 Metaspace       used 96302K, committed 98048K, reserved 1179648K
  class space    used 9565K, committed 10368K, reserved 1048576K
}
Event: 51182.100 GC heap before
{Heap before GC invocations=4824 (full 6):
 PSYoungGen      total 10240K, used 10004K [0x00000000d5580000, 0x00000000d6200000, 0x0000000100000000)
  eden space 9728K, 100% used [0x00000000d5580000,0x00000000d5f00000,0x00000000d5f00000)
  from space 512K, 53% used [0x00000000d6180000,0x00000000d61c5088,0x00000000d6200000)
  to   space 512K, 0% used [0x00000000d6100000,0x00000000d6100000,0x00000000d6180000)
 ParOldGen       total 1159168K, used 1159087K [0x0000000080000000, 0x00000000c6c00000, 0x00000000d5580000)
  object space 1159168K, 99% used [0x0000000080000000,0x00000000c6bebd40,0x00000000c6c00000)
 Metaspace       used 96304K, committed 98048K, reserved 1179648K
  class space    used 9565K, committed 10368K, reserved 1048576K
}
Event: 51182.106 GC heap after
{Heap after GC invocations=4824 (full 6):
 PSYoungGen      total 10240K, used 500K [0x00000000d5580000, 0x00000000d6200000, 0x0000000100000000)
  eden space 9728K, 0% used [0x00000000d5580000,0x00000000d5580000,0x00000000d5f00000)
  from space 512K, 97% used [0x00000000d6100000,0x00000000d617d200,0x00000000d6180000)
  to   space 512K, 0% used [0x00000000d6180000,0x00000000d6180000,0x00000000d6200000)
 ParOldGen       total 1160192K, used 1159880K [0x0000000080000000, 0x00000000c6d00000, 0x00000000d5580000)
  object space 1160192K, 99% used [0x0000000080000000,0x00000000c6cb2338,0x00000000c6d00000)
 Metaspace       used 96304K, committed 98048K, reserved 1179648K
  class space    used 9565K, committed 10368K, reserved 1048576K
}
Event: 51182.897 GC heap before
{Heap before GC invocations=4825 (full 6):
 PSYoungGen      total 10240K, used 10228K [0x00000000d5580000, 0x00000000d6200000, 0x0000000100000000)
  eden space 9728K, 100% used [0x00000000d5580000,0x00000000d5f00000,0x00000000d5f00000)
  from space 512K, 97% used [0x00000000d6100000,0x00000000d617d200,0x00000000d6180000)
  to   space 512K, 0% used [0x00000000d6180000,0x00000000d6180000,0x00000000d6200000)
 ParOldGen       total 1160192K, used 1159880K [0x0000000080000000, 0x00000000c6d00000, 0x00000000d5580000)
  object space 1160192K, 99% used [0x0000000080000000,0x00000000c6cb2338,0x00000000c6d00000)
 Metaspace       used 96306K, committed 98048K, reserved 1179648K
  class space    used 9565K, committed 10368K, reserved 1048576K
}
Event: 51183.904 GC heap after
{Heap after GC invocations=4825 (full 6):
 PSYoungGen      total 10752K, used 506K [0x00000000d5580000, 0x00000000d6500000, 0x0000000100000000)
  eden space 10240K, 0% used [0x00000000d5580000,0x00000000d5580000,0x00000000d5f80000)
  from space 512K, 98% used [0x00000000d6180000,0x00000000d61fe900,0x00000000d6200000)
  to   space 2048K, 0% used [0x00000000d5f80000,0x00000000d5f80000,0x00000000d6180000)
 ParOldGen       total 1161216K, used 1160852K [0x0000000080000000, 0x00000000c6e00000, 0x00000000d5580000)
  object space 1161216K, 99% used [0x0000000080000000,0x00000000c6da5038,0x00000000c6e00000)
 Metaspace       used 96306K, committed 98048K, reserved 1179648K
  class space    used 9565K, committed 10368K, reserved 1048576K
}
Event: 51183.943 GC heap before
{Heap before GC invocations=4826 (full 6):
 PSYoungGen      total 10752K, used 10746K [0x00000000d5580000, 0x00000000d6500000, 0x0000000100000000)
  eden space 10240K, 100% used [0x00000000d5580000,0x00000000d5f80000,0x00000000d5f80000)
  from space 512K, 98% used [0x00000000d6180000,0x00000000d61fe900,0x00000000d6200000)
  to   space 2048K, 0% used [0x00000000d5f80000,0x00000000d5f80000,0x00000000d6180000)
 ParOldGen       total 1161216K, used 1160852K [0x0000000080000000, 0x00000000c6e00000, 0x00000000d5580000)
  object space 1161216K, 99% used [0x0000000080000000,0x00000000c6da5038,0x00000000c6e00000)
 Metaspace       used 96306K, committed 98048K, reserved 1179648K
  class space    used 9565K, committed 10368K, reserved 1048576K
}
Event: 51183.952 GC heap after
{Heap after GC invocations=4826 (full 6):
 PSYoungGen      total 12288K, used 2028K [0x00000000d5580000, 0x00000000d6c80000, 0x0000000100000000)
  eden space 10240K, 0% used [0x00000000d5580000,0x00000000d5580000,0x00000000d5f80000)
  from space 2048K, 99% used [0x00000000d5f80000,0x00000000d617b160,0x00000000d6180000)
  to   space 5632K, 0% used [0x00000000d6700000,0x00000000d6700000,0x00000000d6c80000)
 ParOldGen       total 1163776K, used 1163574K [0x0000000080000000, 0x00000000c7080000, 0x00000000d5580000)
  object space 1163776K, 99% used [0x0000000080000000,0x00000000c704d948,0x00000000c7080000)
 Metaspace       used 96306K, committed 98048K, reserved 1179648K
  class space    used 9565K, committed 10368K, reserved 1048576K
}
Event: 51184.059 GC heap before
{Heap before GC invocations=4827 (full 6):
 PSYoungGen      total 12288K, used 12268K [0x00000000d5580000, 0x00000000d6c80000, 0x0000000100000000)
  eden space 10240K, 100% used [0x00000000d5580000,0x00000000d5f80000,0x00000000d5f80000)
  from space 2048K, 99% used [0x00000000d5f80000,0x00000000d617b160,0x00000000d6180000)
  to   space 5632K, 0% used [0x00000000d6700000,0x00000000d6700000,0x00000000d6c80000)
 ParOldGen       total 1163776K, used 1163574K [0x0000000080000000, 0x00000000c7080000, 0x00000000d5580000)
  object space 1163776K, 99% used [0x0000000080000000,0x00000000c704d948,0x00000000c7080000)
 Metaspace       used 96306K, committed 98048K, reserved 1179648K
  class space    used 9565K, committed 10368K, reserved 1048576K
}
Event: 51184.069 GC heap after
{Heap after GC invocations=4827 (full 6):
 PSYoungGen      total 12288K, used 1625K [0x00000000d5580000, 0x00000000d6900000, 0x0000000100000000)
  eden space 10240K, 0% used [0x00000000d5580000,0x00000000d5580000,0x00000000d5f80000)
  from space 2048K, 79% used [0x00000000d6700000,0x00000000d6896610,0x00000000d6900000)
  to   space 3072K, 0% used [0x00000000d6300000,0x00000000d6300000,0x00000000d6600000)
 ParOldGen       total 1165312K, used 1165240K [0x0000000080000000, 0x00000000c7200000, 0x00000000d5580000)
  object space 1165312K, 99% used [0x0000000080000000,0x00000000c71ee1a8,0x00000000c7200000)
 Metaspace       used 96306K, committed 98048K, reserved 1179648K
  class space    used 9565K, committed 10368K, reserved 1048576K
}
Event: 51185.525 GC heap before
{Heap before GC invocations=4828 (full 6):
 PSYoungGen      total 12288K, used 11865K [0x00000000d5580000, 0x00000000d6900000, 0x0000000100000000)
  eden space 10240K, 99% used [0x00000000d5580000,0x00000000d5f7fff8,0x00000000d5f80000)
  from space 2048K, 79% used [0x00000000d6700000,0x00000000d6896610,0x00000000d6900000)
  to   space 3072K, 0% used [0x00000000d6300000,0x00000000d6300000,0x00000000d6600000)
 ParOldGen       total 1165312K, used 1165240K [0x0000000080000000, 0x00000000c7200000, 0x00000000d5580000)
  object space 1165312K, 99% used [0x0000000080000000,0x00000000c71ee1a8,0x00000000c7200000)
 Metaspace       used 96316K, committed 98048K, reserved 1179648K
  class space    used 9565K, committed 10368K, reserved 1048576K
}
Event: 51186.530 GC heap after
{Heap after GC invocations=4828 (full 6):
 PSYoungGen      total 14336K, used 1658K [0x00000000d5580000, 0x00000000d6780000, 0x0000000100000000)
  eden space 12288K, 0% used [0x00000000d5580000,0x00000000d5580000,0x00000000d6180000)
  from space 2048K, 80% used [0x00000000d6300000,0x00000000d649e900,0x00000000d6500000)
  to   space 2048K, 0% used [0x00000000d6580000,0x00000000d6580000,0x00000000d6780000)
 ParOldGen       total 1166336K, used 1166189K [0x0000000080000000, 0x00000000c7300000, 0x00000000d5580000)
  object space 1166336K, 99% used [0x0000000080000000,0x00000000c72db5f8,0x00000000c7300000)
 Metaspace       used 96316K, committed 98048K, reserved 1179648K
  class space    used 9565K, committed 10368K, reserved 1048576K
}

