# JRE version: OpenJDK Runtime Environment Temurin-21.0.8+9 (21.0.8+9) (build 21.0.8+9-LTS)
# Java VM: OpenJDK 64-Bit Server VM Temurin-21.0.8+9 (21.0.8+9-LTS, mixed mode, sharing, tiered, compressed oops, compressed class ptrs, parallel gc, windows-amd64)
GC Precious Log:
 CardTable entry size: 512
 CPUs: 8 total, 8 available
 Memory: 3460M
 Large Page Support: Disabled
 NUMA Support: Disabled
 Compressed Oops: Enabled (32-bit)
 Alignments: Space 512K, Generation 512K, Heap 2M
 Heap Min Capacity: 100M
 Heap Initial Capacity: 100M
 Heap Max Capacity: 2G
 Pre-touch: Disabled
 Parallel Workers: 8
Heap:
 PSYoungGen      total 3072K, used 625K [0x00000000d5580000, 0x00000000d5a00000, 0x0000000100000000)
  eden space 2560K, 4% used [0x00000000d5580000,0x00000000d559f418,0x00000000d5800000)
  from space 512K, 97% used [0x00000000d5880000,0x00000000d58fd200,0x00000000d5900000)
  to   space 1024K, 0% used [0x00000000d5900000,0x00000000d5900000,0x00000000d5a00000)
 ParOldGen       total 241152K, used 240675K [0x0000000080000000, 0x000000008eb80000, 0x00000000d5580000)
  object space 241152K, 99% used [0x0000000080000000,0x000000008eb08c80,0x000000008eb80000)
 Metaspace       used 96854K, committed 98496K, reserved 1179648K
  class space    used 9482K, committed 10240K, reserved 1048576K
GC Heap History (20 events):
Event: 16012.659 GC heap before
{Heap before GC invocations=6263 (full 8):
 PSYoungGen      total 4096K, used 4018K [0x00000000d5580000, 0x00000000d5b00000, 0x0000000100000000)
  eden space 2560K, 100% used [0x00000000d5580000,0x00000000d5800000,0x00000000d5800000)
  from space 1536K, 94% used [0x00000000d5800000,0x00000000d596c860,0x00000000d5980000)
  to   space 1536K, 0% used [0x00000000d5980000,0x00000000d5980000,0x00000000d5b00000)
 ParOldGen       total 234496K, used 234406K [0x0000000080000000, 0x000000008e500000, 0x00000000d5580000)
  object space 234496K, 99% used [0x0000000080000000,0x000000008e4e98d0,0x000000008e500000)
 Metaspace       used 96852K, committed 98496K, reserved 1179648K
  class space    used 9482K, committed 10240K, reserved 1048576K
}
Event: 16012.664 GC heap after
{Heap after GC invocations=6263 (full 8):
 PSYoungGen      total 2048K, used 1536K [0x00000000d5580000, 0x00000000d6180000, 0x0000000100000000)
  eden space 512K, 0% used [0x00000000d5580000,0x00000000d5580000,0x00000000d5600000)
  from space 1536K, 100% used [0x00000000d5980000,0x00000000d5b00000,0x00000000d5b00000)
  to   space 3584K, 0% used [0x00000000d5600000,0x00000000d5600000,0x00000000d5980000)
 ParOldGen       total 237056K, used 236606K [0x0000000080000000, 0x000000008e780000, 0x00000000d5580000)
  object space 237056K, 99% used [0x0000000080000000,0x000000008e70fb40,0x000000008e780000)
 Metaspace       used 96852K, committed 98496K, reserved 1179648K
  class space    used 9482K, committed 10240K, reserved 1048576K
}
Event: 16012.667 GC heap before
{Heap before GC invocations=6264 (full 8):
 PSYoungGen      total 2048K, used 2047K [0x00000000d5580000, 0x00000000d6180000, 0x0000000100000000)
  eden space 512K, 99% used [0x00000000d5580000,0x00000000d55ffff0,0x00000000d5600000)
  from space 1536K, 100% used [0x00000000d5980000,0x00000000d5b00000,0x00000000d5b00000)
  to   space 3584K, 0% used [0x00000000d5600000,0x00000000d5600000,0x00000000d5980000)
 ParOldGen       total 237056K, used 236606K [0x0000000080000000, 0x000000008e780000, 0x00000000d5580000)
  object space 237056K, 99% used [0x0000000080000000,0x000000008e70fb40,0x000000008e780000)
 Metaspace       used 96852K, committed 98496K, reserved 1179648K
  class space    used 9482K, committed 10240K, reserved 1048576K
}
Event: 16012.673 GC heap after
{Heap after GC invocations=6264 (full 8):
 PSYoungGen      total 1536K, used 608K [0x00000000d5580000, 0x00000000d5a80000, 0x0000000100000000)
  eden space 512K, 0% used [0x00000000d5580000,0x00000000d5580000,0x00000000d5600000)
  from space 1024K, 59% used [0x00000000d5600000,0x00000000d5698000,0x00000000d5700000)
  to   space 2048K, 0% used [0x00000000d5880000,0x00000000d5880000,0x00000000d5a80000)
 ParOldGen       total 238592K, used 238206K [0x0000000080000000, 0x000000008e900000, 0x00000000d5580000)
  object space 238592K, 99% used [0x0000000080000000,0x000000008e89fb40,0x000000008e900000)
 Metaspace       used 96852K, committed 98496K, reserved 1179648K
  class space    used 9482K, committed 10240K, reserved 1048576K
}
Event: 16012.676 GC heap before
{Heap before GC invocations=6265 (full 8):
 PSYoungGen      total 1536K, used 1120K [0x00000000d5580000, 0x00000000d5a80000, 0x0000000100000000)
  eden space 512K, 100% used [0x00000000d5580000,0x00000000d5600000,0x00000000d5600000)
  from space 1024K, 59% used [0x00000000d5600000,0x00000000d5698000,0x00000000d5700000)
  to   space 2048K, 0% used [0x00000000d5880000,0x00000000d5880000,0x00000000d5a80000)
 ParOldGen       total 238592K, used 238206K [0x0000000080000000, 0x000000008e900000, 0x00000000d5580000)
  object space 238592K, 99% used [0x0000000080000000,0x000000008e89fb40,0x000000008e900000)
 Metaspace       used 96852K, committed 98496K, reserved 1179648K
  class space    used 9482K, committed 10240K, reserved 1048576K
}
Event: 16012.678 GC heap after
{Heap after GC invocations=6265 (full 8):
 PSYoungGen      total 1536K, used 288K [0x00000000d5580000, 0x00000000d5900000, 0x0000000100000000)
  eden space 1024K, 0% used [0x00000000d5580000,0x00000000d5580000,0x00000000d5680000)
  from space 512K, 56% used [0x00000000d5880000,0x00000000d58c8000,0x00000000d5900000)
  to   space 1024K, 0% used [0x00000000d5700000,0x00000000d5700000,0x00000000d5800000)
 ParOldGen       total 239104K, used 238702K [0x0000000080000000, 0x000000008e980000, 0x00000000d5580000)
  object space 239104K, 99% used [0x0000000080000000,0x000000008e91bb40,0x000000008e980000)
 Metaspace       used 96852K, committed 98496K, reserved 1179648K
  class space    used 9482K, committed 10240K, reserved 1048576K
}
Event: 16012.683 GC heap before
{Heap before GC invocations=6266 (full 8):
 PSYoungGen      total 1536K, used 1312K [0x00000000d5580000, 0x00000000d5900000, 0x0000000100000000)
  eden space 1024K, 100% used [0x00000000d5580000,0x00000000d5680000,0x00000000d5680000)
  from space 512K, 56% used [0x00000000d5880000,0x00000000d58c8000,0x00000000d5900000)
  to   space 1024K, 0% used [0x00000000d5700000,0x00000000d5700000,0x00000000d5800000)
 ParOldGen       total 239104K, used 238702K [0x0000000080000000, 0x000000008e980000, 0x00000000d5580000)
  object space 239104K, 99% used [0x0000000080000000,0x000000008e91bb40,0x000000008e980000)
 Metaspace       used 96852K, committed 98496K, reserved 1179648K
  class space    used 9482K, committed 10240K, reserved 1048576K
}
Event: 16012.685 GC heap after
{Heap after GC invocations=6266 (full 8):
 PSYoungGen      total 2560K, used 314K [0x00000000d5580000, 0x00000000d5900000, 0x0000000100000000)
  eden space 1536K, 0% used [0x00000000d5580000,0x00000000d5580000,0x00000000d5700000)
  from space 1024K, 30% used [0x00000000d5700000,0x00000000d574e900,0x00000000d5800000)
  to   space 512K, 0% used [0x00000000d5880000,0x00000000d5880000,0x00000000d5900000)
 ParOldGen       total 239104K, used 238782K [0x0000000080000000, 0x000000008e980000, 0x00000000d5580000)
  object space 239104K, 99% used [0x0000000080000000,0x000000008e92fb40,0x000000008e980000)
 Metaspace       used 96852K, committed 98496K, reserved 1179648K
  class space    used 9482K, committed 10240K, reserved 1048576K
}
Event: 16012.691 GC heap before
{Heap before GC invocations=6267 (full 8):
 PSYoungGen      total 2560K, used 1850K [0x00000000d5580000, 0x00000000d5900000, 0x0000000100000000)
  eden space 1536K, 100% used [0x00000000d5580000,0x00000000d5700000,0x00000000d5700000)
  from space 1024K, 30% used [0x00000000d5700000,0x00000000d574e900,0x00000000d5800000)
  to   space 512K, 0% used [0x00000000d5880000,0x00000000d5880000,0x00000000d5900000)
 ParOldGen       total 239104K, used 238782K [0x0000000080000000, 0x000000008e980000, 0x00000000d5580000)
  object space 239104K, 99% used [0x0000000080000000,0x000000008e92fb40,0x000000008e980000)
 Metaspace       used 96852K, committed 98496K, reserved 1179648K
  class space    used 9482K, committed 10240K, reserved 1048576K
}
Event: 16012.693 GC heap after
{Heap after GC invocations=6267 (full 8):
 PSYoungGen      total 2560K, used 352K [0x00000000d5580000, 0x00000000d5900000, 0x0000000100000000)
  eden space 2048K, 0% used [0x00000000d5580000,0x00000000d5580000,0x00000000d5780000)
  from space 512K, 68% used [0x00000000d5880000,0x00000000d58d8000,0x00000000d5900000)
  to   space 512K, 0% used [0x00000000d5800000,0x00000000d5800000,0x00000000d5880000)
 ParOldGen       total 239104K, used 239019K [0x0000000080000000, 0x000000008e980000, 0x00000000d5580000)
  object space 239104K, 99% used [0x0000000080000000,0x000000008e96ad50,0x000000008e980000)
 Metaspace       used 96852K, committed 98496K, reserved 1179648K
  class space    used 9482K, committed 10240K, reserved 1048576K
}
Event: 16012.702 GC heap before
{Heap before GC invocations=6268 (full 8):
 PSYoungGen      total 2560K, used 2400K [0x00000000d5580000, 0x00000000d5900000, 0x0000000100000000)
  eden space 2048K, 100% used [0x00000000d5580000,0x00000000d5780000,0x00000000d5780000)
  from space 512K, 68% used [0x00000000d5880000,0x00000000d58d8000,0x00000000d5900000)
  to   space 512K, 0% used [0x00000000d5800000,0x00000000d5800000,0x00000000d5880000)
 ParOldGen       total 239104K, used 239019K [0x0000000080000000, 0x000000008e980000, 0x00000000d5580000)
  object space 239104K, 99% used [0x0000000080000000,0x000000008e96ad50,0x000000008e980000)
 Metaspace       used 96852K, committed 98496K, reserved 1179648K
  class space    used 9482K, committed 10240K, reserved 1048576K
}
Event: 16012.704 GC heap after
{Heap after GC invocations=6268 (full 8):
 PSYoungGen      total 3072K, used 320K [0x00000000d5580000, 0x00000000d5900000, 0x0000000100000000)
  eden space 2560K, 0% used [0x00000000d5580000,0x00000000d5580000,0x00000000d5800000)
  from space 512K, 62% used [0x00000000d5800000,0x00000000d5850000,0x00000000d5880000)
  to   space 512K, 0% used [0x00000000d5880000,0x00000000d5880000,0x00000000d5900000)
 ParOldGen       total 239616K, used 239275K [0x0000000080000000, 0x000000008ea00000, 0x00000000d5580000)
  object space 239616K, 99% used [0x0000000080000000,0x000000008e9aad50,0x000000008ea00000)
 Metaspace       used 96852K, committed 98496K, reserved 1179648K
  class space    used 9482K, committed 10240K, reserved 1048576K
}
Event: 16012.866 GC heap before
{Heap before GC invocations=6269 (full 8):
 PSYoungGen      total 3072K, used 2880K [0x00000000d5580000, 0x00000000d5900000, 0x0000000100000000)
  eden space 2560K, 100% used [0x00000000d5580000,0x00000000d5800000,0x00000000d5800000)
  from space 512K, 62% used [0x00000000d5800000,0x00000000d5850000,0x00000000d5880000)
  to   space 512K, 0% used [0x00000000d5880000,0x00000000d5880000,0x00000000d5900000)
 ParOldGen       total 239616K, used 239275K [0x0000000080000000, 0x000000008ea00000, 0x00000000d5580000)
  object space 239616K, 99% used [0x0000000080000000,0x000000008e9aad50,0x000000008ea00000)
 Metaspace       used 96853K, committed 98496K, reserved 1179648K
  class space    used 9482K, committed 10240K, reserved 1048576K
}
Event: 16012.872 GC heap after
{Heap after GC invocations=6269 (full 8):
 PSYoungGen      total 2560K, used 512K [0x00000000d5580000, 0x00000000d5a80000, 0x0000000100000000)
  eden space 2048K, 0% used [0x00000000d5580000,0x00000000d5580000,0x00000000d5780000)
  from space 512K, 100% used [0x00000000d5880000,0x00000000d5900000,0x00000000d5900000)
  to   space 1024K, 0% used [0x00000000d5780000,0x00000000d5780000,0x00000000d5880000)
 ParOldGen       total 239616K, used 239563K [0x0000000080000000, 0x000000008ea00000, 0x00000000d5580000)
  object space 239616K, 99% used [0x0000000080000000,0x000000008e9f2d70,0x000000008ea00000)
 Metaspace       used 96853K, committed 98496K, reserved 1179648K
  class space    used 9482K, committed 10240K, reserved 1048576K
}
Event: 16012.878 GC heap before
{Heap before GC invocations=6270 (full 8):
 PSYoungGen      total 2560K, used 2560K [0x00000000d5580000, 0x00000000d5a80000, 0x0000000100000000)
  eden space 2048K, 100% used [0x00000000d5580000,0x00000000d5780000,0x00000000d5780000)
  from space 512K, 100% used [0x00000000d5880000,0x00000000d5900000,0x00000000d5900000)
  to   space 1024K, 0% used [0x00000000d5780000,0x00000000d5780000,0x00000000d5880000)
 ParOldGen       total 239616K, used 239563K [0x0000000080000000, 0x000000008ea00000, 0x00000000d5580000)
  object space 239616K, 99% used [0x0000000080000000,0x000000008e9f2d70,0x000000008ea00000)
 Metaspace       used 96853K, committed 98496K, reserved 1179648K
  class space    used 9482K, committed 10240K, reserved 1048576K
}
Event: 16012.881 GC heap after
{Heap after GC invocations=6270 (full 8):
 PSYoungGen      total 3072K, used 480K [0x00000000d5580000, 0x00000000d5a00000, 0x0000000100000000)
  eden space 2048K, 0% used [0x00000000d5580000,0x00000000d5580000,0x00000000d5780000)
  from space 1024K, 46% used [0x00000000d5780000,0x00000000d57f8000,0x00000000d5880000)
  to   space 1024K, 0% used [0x00000000d5900000,0x00000000d5900000,0x00000000d5a00000)
 ParOldGen       total 240128K, used 240069K [0x0000000080000000, 0x000000008ea80000, 0x00000000d5580000)
  object space 240128K, 99% used [0x0000000080000000,0x000000008ea716f0,0x000000008ea80000)
 Metaspace       used 96853K, committed 98496K, reserved 1179648K
  class space    used 9482K, committed 10240K, reserved 1048576K
}
Event: 16012.891 GC heap before
{Heap before GC invocations=6271 (full 8):
 PSYoungGen      total 3072K, used 2528K [0x00000000d5580000, 0x00000000d5a00000, 0x0000000100000000)
  eden space 2048K, 100% used [0x00000000d5580000,0x00000000d5780000,0x00000000d5780000)
  from space 1024K, 46% used [0x00000000d5780000,0x00000000d57f8000,0x00000000d5880000)
  to   space 1024K, 0% used [0x00000000d5900000,0x00000000d5900000,0x00000000d5a00000)
 ParOldGen       total 240128K, used 240069K [0x0000000080000000, 0x000000008ea80000, 0x00000000d5580000)
  object space 240128K, 99% used [0x0000000080000000,0x000000008ea716f0,0x000000008ea80000)
 Metaspace       used 96854K, committed 98496K, reserved 1179648K
  class space    used 9482K, committed 10240K, reserved 1048576K
}
Event: 16012.893 GC heap after
{Heap after GC invocations=6271 (full 8):
 PSYoungGen      total 3072K, used 352K [0x00000000d5580000, 0x00000000d5980000, 0x0000000100000000)
  eden space 2560K, 0% used [0x00000000d5580000,0x00000000d5580000,0x00000000d5800000)
  from space 512K, 68% used [0x00000000d5900000,0x00000000d5958000,0x00000000d5980000)
  to   space 512K, 0% used [0x00000000d5880000,0x00000000d5880000,0x00000000d5900000)
 ParOldGen       total 240640K, used 240475K [0x0000000080000000, 0x000000008eb00000, 0x00000000d5580000)
  object space 240640K, 99% used [0x0000000080000000,0x000000008ead6c60,0x000000008eb00000)
 Metaspace       used 96854K, committed 98496K, reserved 1179648K
  class space    used 9482K, committed 10240K, reserved 1048576K
}
Event: 16013.330 GC heap before
{Heap before GC invocations=6272 (full 8):
 PSYoungGen      total 3072K, used 2912K [0x00000000d5580000, 0x00000000d5980000, 0x0000000100000000)
  eden space 2560K, 100% used [0x00000000d5580000,0x00000000d5800000,0x00000000d5800000)
  from space 512K, 68% used [0x00000000d5900000,0x00000000d5958000,0x00000000d5980000)
  to   space 512K, 0% used [0x00000000d5880000,0x00000000d5880000,0x00000000d5900000)
 ParOldGen       total 240640K, used 240475K [0x0000000080000000, 0x000000008eb00000, 0x00000000d5580000)
  object space 240640K, 99% used [0x0000000080000000,0x000000008ead6c60,0x000000008eb00000)
 Metaspace       used 96854K, committed 98496K, reserved 1179648K
  class space    used 9482K, committed 10240K, reserved 1048576K
}
Event: 16013.334 GC heap after
{Heap after GC invocations=6272 (full 8):
 PSYoungGen      total 3072K, used 500K [0x00000000d5580000, 0x00000000d5a00000, 0x0000000100000000)
  eden space 2560K, 0% used [0x00000000d5580000,0x00000000d5580000,0x00000000d5800000)
  from space 512K, 97% used [0x00000000d5880000,0x00000000d58fd200,0x00000000d5900000)
  to   space 1024K, 0% used [0x00000000d5900000,0x00000000d5900000,0x00000000d5a00000)
 ParOldGen       total 241152K, used 240675K [0x0000000080000000, 0x000000008eb80000, 0x00000000d5580000)
  object space 241152K, 99% used [0x0000000080000000,0x000000008eb08c80,0x000000008eb80000)
 Metaspace       used 96854K, committed 98496K, reserved 1179648K
  class space    used 9482K, committed 10240K, reserved 1048576K
}

