# JRE version: OpenJDK Runtime Environment Temurin-21.0.8+9 (21.0.8+9) (build 21.0.8+9-LTS)
# Java VM: OpenJDK 64-Bit Server VM Temurin-21.0.8+9 (21.0.8+9-LTS, mixed mode, sharing, tiered, compressed oops, compressed class ptrs, g1 gc, windows-amd64)
GC Precious Log:
 CardTable entry size: 512
 Card Set container configuration: InlinePtr #cards 5 size 8 Array Of Cards #cards 12 size 40 Howl #buckets 4 coarsen threshold 1843 Howl Bitmap #cards 512 size 80 coarsen threshold 460 Card regions per heap region 1 cards per card region 2048
 CPUs: 8 total, 8 available
 Memory: 3460M
 Large Page Support: Disabled
 NUMA Support: Disabled
 Compressed Oops: Enabled (32-bit)
 Heap Region Size: 1M
 Heap Min Capacity: 8M
 Heap Initial Capacity: 56M
 Heap Max Capacity: 866M
 Pre-touch: Disabled
 Parallel Workers: 8
 Concurrent Workers: 2
 Concurrent Refinement Workers: 8
 Periodic GC: Disabled
Heap:
 garbage-first heap   total 48128K, used 24376K [0x00000000c9e00000, 0x0000000100000000)
  region size 1024K, 9 young (9216K), 2 survivors (2048K)
 Metaspace       used 28870K, committed 29376K, reserved 1114112K
  class space    used 3800K, committed 4032K, reserved 1048576K
GC Heap History (12 events):
Event: 1.319 GC heap before
{Heap before GC invocations=0 (full 0):
 garbage-first heap   total 57344K, used 24576K [0x00000000c9e00000, 0x0000000100000000)
  region size 1024K, 23 young (23552K), 0 survivors (0K)
 Metaspace       used 5556K, committed 5696K, reserved 1114112K
  class space    used 637K, committed 704K, reserved 1048576K
}
Event: 1.333 GC heap after
{Heap after GC invocations=1 (full 0):
 garbage-first heap   total 57344K, used 9184K [0x00000000c9e00000, 0x0000000100000000)
  region size 1024K, 3 young (3072K), 3 survivors (3072K)
 Metaspace       used 5556K, committed 5696K, reserved 1114112K
  class space    used 637K, committed 704K, reserved 1048576K
}
Event: 3.618 GC heap before
{Heap before GC invocations=1 (full 0):
 garbage-first heap   total 57344K, used 30688K [0x00000000c9e00000, 0x0000000100000000)
  region size 1024K, 24 young (24576K), 3 survivors (3072K)
 Metaspace       used 11393K, committed 11648K, reserved 1114112K
  class space    used 1423K, committed 1536K, reserved 1048576K
}
Event: 3.628 GC heap after
{Heap after GC invocations=2 (full 0):
 garbage-first heap   total 57344K, used 11171K [0x00000000c9e00000, 0x0000000100000000)
  region size 1024K, 2 young (2048K), 2 survivors (2048K)
 Metaspace       used 11393K, committed 11648K, reserved 1114112K
  class space    used 1423K, committed 1536K, reserved 1048576K
}
Event: 6.936 GC heap before
{Heap before GC invocations=2 (full 0):
 garbage-first heap   total 57344K, used 33699K [0x00000000c9e00000, 0x0000000100000000)
  region size 1024K, 25 young (25600K), 2 survivors (2048K)
 Metaspace       used 17496K, committed 17856K, reserved 1114112K
  class space    used 2284K, committed 2432K, reserved 1048576K
}
Event: 6.944 GC heap after
{Heap after GC invocations=3 (full 0):
 garbage-first heap   total 57344K, used 13000K [0x00000000c9e00000, 0x0000000100000000)
  region size 1024K, 4 young (4096K), 4 survivors (4096K)
 Metaspace       used 17496K, committed 17856K, reserved 1114112K
  class space    used 2284K, committed 2432K, reserved 1048576K
}
Event: 7.279 GC heap before
{Heap before GC invocations=3 (full 0):
 garbage-first heap   total 57344K, used 27336K [0x00000000c9e00000, 0x0000000100000000)
  region size 1024K, 20 young (20480K), 4 survivors (4096K)
 Metaspace       used 21217K, committed 21504K, reserved 1114112K
  class space    used 2764K, committed 2880K, reserved 1048576K
}
Event: 7.287 GC heap after
{Heap after GC invocations=4 (full 0):
 garbage-first heap   total 57344K, used 13622K [0x00000000c9e00000, 0x0000000100000000)
  region size 1024K, 3 young (3072K), 3 survivors (3072K)
 Metaspace       used 21217K, committed 21504K, reserved 1114112K
  class space    used 2764K, committed 2880K, reserved 1048576K
}
Event: 8.237 GC heap before
{Heap before GC invocations=5 (full 0):
 garbage-first heap   total 48128K, used 39222K [0x00000000c9e00000, 0x0000000100000000)
  region size 1024K, 28 young (28672K), 3 survivors (3072K)
 Metaspace       used 24752K, committed 25152K, reserved 1114112K
  class space    used 3201K, committed 3392K, reserved 1048576K
}
Event: 8.248 GC heap after
{Heap after GC invocations=6 (full 0):
 garbage-first heap   total 48128K, used 16813K [0x00000000c9e00000, 0x0000000100000000)
  region size 1024K, 4 young (4096K), 4 survivors (4096K)
 Metaspace       used 24752K, committed 25152K, reserved 1114112K
  class space    used 3201K, committed 3392K, reserved 1048576K
}
Event: 9.221 GC heap before
{Heap before GC invocations=6 (full 0):
 garbage-first heap   total 48128K, used 37293K [0x00000000c9e00000, 0x0000000100000000)
  region size 1024K, 24 young (24576K), 4 survivors (4096K)
 Metaspace       used 27851K, committed 28224K, reserved 1114112K
  class space    used 3625K, committed 3776K, reserved 1048576K
}
Event: 9.238 GC heap after
{Heap after GC invocations=7 (full 0):
 garbage-first heap   total 48128K, used 18232K [0x00000000c9e00000, 0x0000000100000000)
  region size 1024K, 2 young (2048K), 2 survivors (2048K)
 Metaspace       used 27851K, committed 28224K, reserved 1114112K
  class space    used 3625K, committed 3776K, reserved 1048576K
}

